This file contains any messages produced by compilers while
running configure, to aid debugging if configure makes a mistake.

It was created by CIRRUS configure 0.1, which was
generated by GNU Autoconf 2.69.  Invocation command line was

  $ ./configure 

## --------- ##
## Platform. ##
## --------- ##

hostname = ip-172-31-2-117.us-west-2.compute.internal
uname -m = x86_64
uname -r = 4.14.42-61.37.amzn2.x86_64
uname -s = Linux
uname -v = #1 SMP Mon May 21 23:43:11 UTC 2018

/usr/bin/uname -p = x86_64
/bin/uname -X     = unknown

/bin/arch              = x86_64
/usr/bin/arch -k       = unknown
/usr/convex/getsysinfo = unknown
/usr/bin/hostinfo      = unknown
/bin/machine           = unknown
/usr/bin/oslevel       = unknown
/bin/universe          = unknown

PATH: /usr/local/bin
PATH: /usr/bin
PATH: /usr/local/sbin
PATH: /usr/sbin
PATH: /home/ec2-user/.local/bin
PATH: /home/ec2-user/bin


## ----------- ##
## Core tests. ##
## ----------- ##

configure:2346: checking for a BSD-compatible install
configure:2414: result: /usr/bin/install -c
configure:2425: checking whether build environment is sane
configure:2480: result: yes
configure:2631: checking for a thread-safe mkdir -p
configure:2670: result: /usr/bin/mkdir -p
configure:2677: checking for gawk
configure:2693: found /usr/bin/gawk
configure:2704: result: gawk
configure:2715: checking whether make sets $(MAKE)
configure:2737: result: yes
configure:2766: checking whether make supports nested variables
configure:2783: result: yes
configure:2927: checking for mpic++
configure:2957: result: no
configure:2981: checking for C++ compiler version
configure:2990: g++ --version >&5
g++ (GCC) 7.3.1 20180303 (Red Hat 7.3.1-5)
Copyright (C) 2017 Free Software Foundation, Inc.
This is free software; see the source for copying conditions.  There is NO
warranty; not even for MERCHANTABILITY or FITNESS FOR A PARTICULAR PURPOSE.

configure:3001: $? = 0
configure:2990: g++ -v >&5
Using built-in specs.
COLLECT_GCC=g++
COLLECT_LTO_WRAPPER=/usr/libexec/gcc/x86_64-redhat-linux/7/lto-wrapper
Target: x86_64-redhat-linux
Configured with: ../configure --enable-bootstrap --enable-languages=c,c++,objc,obj-c++,fortran,ada,go,lto --prefix=/usr --mandir=/usr/share/man --infodir=/usr/share/info --with-bugurl=http://bugzilla.redhat.com/bugzilla --enable-shared --enable-threads=posix --enable-checking=release --disable-multilib --with-system-zlib --enable-__cxa_atexit --disable-libunwind-exceptions --enable-gnu-unique-object --enable-linker-build-id --with-gcc-major-version-only --with-linker-hash-style=gnu --enable-plugin --enable-initfini-array --with-isl --enable-libmpx --enable-libsanitizer --enable-gnu-indirect-function --enable-libcilkrts --enable-libatomic --enable-libquadmath --enable-libitm --with-tune=generic --with-arch_32=x86-64 --build=x86_64-redhat-linux
Thread model: posix
gcc version 7.3.1 20180303 (Red Hat 7.3.1-5) (GCC) 
configure:3001: $? = 0
configure:2990: g++ -V >&5
g++: error: unrecognized command line option '-V'
g++: fatal error: no input files
compilation terminated.
configure:3001: $? = 1
configure:2990: g++ -qversion >&5
g++: error: unrecognized command line option '-qversion'; did you mean '--version'?
g++: fatal error: no input files
compilation terminated.
configure:3001: $? = 1
configure:3021: checking whether the C++ compiler works
configure:3043: g++    conftest.cpp  >&5
configure:3047: $? = 0
configure:3095: result: yes
configure:3098: checking for C++ compiler default output file name
configure:3100: result: a.out
configure:3106: checking for suffix of executables
configure:3113: g++ -o conftest    conftest.cpp  >&5
configure:3117: $? = 0
configure:3139: result: 
configure:3161: checking whether we are cross compiling
configure:3169: g++ -o conftest    conftest.cpp  >&5
configure:3173: $? = 0
configure:3180: ./conftest
configure:3184: $? = 0
configure:3199: result: no
configure:3204: checking for suffix of object files
configure:3226: g++ -c   conftest.cpp >&5
configure:3230: $? = 0
configure:3251: result: o
configure:3255: checking whether we are using the GNU C++ compiler
configure:3274: g++ -c   conftest.cpp >&5
configure:3274: $? = 0
configure:3283: result: yes
configure:3292: checking whether g++ accepts -g
configure:3312: g++ -c -g  conftest.cpp >&5
configure:3312: $? = 0
configure:3353: result: yes
configure:3387: checking for style of include used by make
configure:3415: result: GNU
configure:3441: checking dependency style of g++
configure:3552: result: gcc3
configure:3571: checking for gawk
configure:3598: result: gawk
configure:3657: checking for gcc
configure:3673: found /usr/bin/gcc
configure:3684: result: gcc
configure:3913: checking for C compiler version
configure:3922: gcc --version >&5
gcc (GCC) 7.3.1 20180303 (Red Hat 7.3.1-5)
Copyright (C) 2017 Free Software Foundation, Inc.
This is free software; see the source for copying conditions.  There is NO
warranty; not even for MERCHANTABILITY or FITNESS FOR A PARTICULAR PURPOSE.

configure:3933: $? = 0
configure:3922: gcc -v >&5
Using built-in specs.
COLLECT_GCC=gcc
COLLECT_LTO_WRAPPER=/usr/libexec/gcc/x86_64-redhat-linux/7/lto-wrapper
Target: x86_64-redhat-linux
Configured with: ../configure --enable-bootstrap --enable-languages=c,c++,objc,obj-c++,fortran,ada,go,lto --prefix=/usr --mandir=/usr/share/man --infodir=/usr/share/info --with-bugurl=http://bugzilla.redhat.com/bugzilla --enable-shared --enable-threads=posix --enable-checking=release --disable-multilib --with-system-zlib --enable-__cxa_atexit --disable-libunwind-exceptions --enable-gnu-unique-object --enable-linker-build-id --with-gcc-major-version-only --with-linker-hash-style=gnu --enable-plugin --enable-initfini-array --with-isl --enable-libmpx --enable-libsanitizer --enable-gnu-indirect-function --enable-libcilkrts --enable-libatomic --enable-libquadmath --enable-libitm --with-tune=generic --with-arch_32=x86-64 --build=x86_64-redhat-linux
Thread model: posix
gcc version 7.3.1 20180303 (Red Hat 7.3.1-5) (GCC) 
configure:3933: $? = 0
configure:3922: gcc -V >&5
gcc: error: unrecognized command line option '-V'
gcc: fatal error: no input files
compilation terminated.
configure:3933: $? = 1
configure:3922: gcc -qversion >&5
gcc: error: unrecognized command line option '-qversion'; did you mean '--version'?
gcc: fatal error: no input files
compilation terminated.
configure:3933: $? = 1
configure:3937: checking whether we are using the GNU C compiler
configure:3956: gcc -c   conftest.c >&5
configure:3956: $? = 0
configure:3965: result: yes
configure:3974: checking whether gcc accepts -g
configure:3994: gcc -c -g  conftest.c >&5
configure:3994: $? = 0
configure:4035: result: yes
configure:4052: checking for gcc option to accept ISO C89
configure:4115: gcc  -c -g -O2  conftest.c >&5
configure:4115: $? = 0
configure:4128: result: none needed
configure:4150: checking dependency style of gcc
configure:4261: result: gcc3
configure:4281: checking how to run the C preprocessor
configure:4312: gcc -E  conftest.c
configure:4312: $? = 0
configure:4326: gcc -E  conftest.c
conftest.c:11:10: fatal error: ac_nonexistent.h: No such file or directory
 #include <ac_nonexistent.h>
          ^~~~~~~~~~~~~~~~~~
compilation terminated.
configure:4326: $? = 1
configure: failed program was:
| /* confdefs.h */
| #define PACKAGE_NAME "CIRRUS"
| #define PACKAGE_TARNAME "cirrus"
| #define PACKAGE_VERSION "0.1"
| #define PACKAGE_STRING "CIRRUS 0.1"
| #define PACKAGE_BUGREPORT "joao@berkeley.edu"
| #define PACKAGE_URL ""
| #define PACKAGE "cirrus"
| #define VERSION "0.1"
| /* end confdefs.h.  */
| #include <ac_nonexistent.h>
configure:4351: result: gcc -E
configure:4371: gcc -E  conftest.c
configure:4371: $? = 0
configure:4385: gcc -E  conftest.c
conftest.c:11:10: fatal error: ac_nonexistent.h: No such file or directory
 #include <ac_nonexistent.h>
          ^~~~~~~~~~~~~~~~~~
compilation terminated.
configure:4385: $? = 1
configure: failed program was:
| /* confdefs.h */
| #define PACKAGE_NAME "CIRRUS"
| #define PACKAGE_TARNAME "cirrus"
| #define PACKAGE_VERSION "0.1"
| #define PACKAGE_STRING "CIRRUS 0.1"
| #define PACKAGE_BUGREPORT "joao@berkeley.edu"
| #define PACKAGE_URL ""
| #define PACKAGE "cirrus"
| #define VERSION "0.1"
| /* end confdefs.h.  */
| #include <ac_nonexistent.h>
configure:4414: checking whether ln -s works
configure:4418: result: yes
configure:4425: checking whether make sets $(MAKE)
configure:4447: result: yes
configure:4499: checking for ranlib
configure:4515: found /usr/bin/ranlib
configure:4526: result: ranlib
configure:4555: checking for grep that handles long lines and -e
configure:4613: result: /usr/bin/grep
configure:4618: checking for egrep
configure:4680: result: /usr/bin/grep -E
configure:4685: checking for ANSI C header files
configure:4705: gcc -c -g -O2  conftest.c >&5
configure:4705: $? = 0
configure:4778: gcc -o conftest -g -O2   conftest.c  >&5
configure:4778: $? = 0
configure:4778: ./conftest
configure:4778: $? = 0
configure:4789: result: yes
configure:4802: checking for sys/types.h
configure:4802: gcc -c -g -O2  conftest.c >&5
configure:4802: $? = 0
configure:4802: result: yes
configure:4802: checking for sys/stat.h
configure:4802: gcc -c -g -O2  conftest.c >&5
configure:4802: $? = 0
configure:4802: result: yes
configure:4802: checking for stdlib.h
configure:4802: gcc -c -g -O2  conftest.c >&5
configure:4802: $? = 0
configure:4802: result: yes
configure:4802: checking for string.h
configure:4802: gcc -c -g -O2  conftest.c >&5
configure:4802: $? = 0
configure:4802: result: yes
configure:4802: checking for memory.h
configure:4802: gcc -c -g -O2  conftest.c >&5
configure:4802: $? = 0
configure:4802: result: yes
configure:4802: checking for strings.h
configure:4802: gcc -c -g -O2  conftest.c >&5
configure:4802: $? = 0
configure:4802: result: yes
configure:4802: checking for inttypes.h
configure:4802: gcc -c -g -O2  conftest.c >&5
configure:4802: $? = 0
configure:4802: result: yes
configure:4802: checking for stdint.h
configure:4802: gcc -c -g -O2  conftest.c >&5
configure:4802: $? = 0
configure:4802: result: yes
configure:4802: checking for unistd.h
configure:4802: gcc -c -g -O2  conftest.c >&5
configure:4802: $? = 0
configure:4802: result: yes
configure:4819: checking arpa/inet.h usability
configure:4819: gcc -c -g -O2  conftest.c >&5
configure:4819: $? = 0
configure:4819: result: yes
configure:4819: checking arpa/inet.h presence
configure:4819: gcc -E  conftest.c
configure:4819: $? = 0
configure:4819: result: yes
configure:4819: checking for arpa/inet.h
configure:4819: result: yes
configure:4819: checking netdb.h usability
configure:4819: gcc -c -g -O2  conftest.c >&5
configure:4819: $? = 0
configure:4819: result: yes
configure:4819: checking netdb.h presence
configure:4819: gcc -E  conftest.c
configure:4819: $? = 0
configure:4819: result: yes
configure:4819: checking for netdb.h
configure:4819: result: yes
configure:4819: checking for string.h
configure:4819: result: yes
configure:4819: checking for stdint.h
configure:4819: result: yes
configure:4819: checking for stdlib.h
configure:4819: result: yes
configure:4819: checking for sys/types.h
configure:4819: result: yes
configure:4819: checking sys/socket.h usability
configure:4819: gcc -c -g -O2  conftest.c >&5
configure:4819: $? = 0
configure:4819: result: yes
configure:4819: checking sys/socket.h presence
configure:4819: gcc -E  conftest.c
configure:4819: $? = 0
configure:4819: result: yes
configure:4819: checking for sys/socket.h
configure:4819: result: yes
configure:4819: checking sys/epoll.h usability
configure:4819: gcc -c -g -O2  conftest.c >&5
configure:4819: $? = 0
configure:4819: result: yes
configure:4819: checking sys/epoll.h presence
configure:4819: gcc -E  conftest.c
configure:4819: $? = 0
configure:4819: result: yes
configure:4819: checking for sys/epoll.h
configure:4819: result: yes
configure:4819: checking sys/time.h usability
configure:4819: gcc -c -g -O2  conftest.c >&5
configure:4819: $? = 0
configure:4819: result: yes
configure:4819: checking sys/time.h presence
configure:4819: gcc -E  conftest.c
configure:4819: $? = 0
configure:4819: result: yes
configure:4819: checking for sys/time.h
configure:4819: result: yes
configure:4819: checking syslog.h usability
configure:4819: gcc -c -g -O2  conftest.c >&5
configure:4819: $? = 0
configure:4819: result: yes
configure:4819: checking syslog.h presence
configure:4819: gcc -E  conftest.c
configure:4819: $? = 0
configure:4819: result: yes
configure:4819: checking for syslog.h
configure:4819: result: yes
configure:4819: checking for unistd.h
configure:4819: result: yes
configure:4819: checking google/dense_hash_map usability
configure:4819: gcc -c -g -O2  conftest.c >&5
conftest.c:65:10: fatal error: google/dense_hash_map: No such file or directory
 #include <google/dense_hash_map>
          ^~~~~~~~~~~~~~~~~~~~~~~
compilation terminated.
configure:4819: $? = 1
configure: failed program was:
| /* confdefs.h */
| #define PACKAGE_NAME "CIRRUS"
| #define PACKAGE_TARNAME "cirrus"
| #define PACKAGE_VERSION "0.1"
| #define PACKAGE_STRING "CIRRUS 0.1"
| #define PACKAGE_BUGREPORT "joao@berkeley.edu"
| #define PACKAGE_URL ""
| #define PACKAGE "cirrus"
| #define VERSION "0.1"
| #define STDC_HEADERS 1
| #define HAVE_SYS_TYPES_H 1
| #define HAVE_SYS_STAT_H 1
| #define HAVE_STDLIB_H 1
| #define HAVE_STRING_H 1
| #define HAVE_MEMORY_H 1
| #define HAVE_STRINGS_H 1
| #define HAVE_INTTYPES_H 1
| #define HAVE_STDINT_H 1
| #define HAVE_UNISTD_H 1
| #define HAVE_ARPA_INET_H 1
| #define HAVE_NETDB_H 1
| #define HAVE_STRING_H 1
| #define HAVE_STDINT_H 1
| #define HAVE_STDLIB_H 1
| #define HAVE_SYS_TYPES_H 1
| #define HAVE_SYS_SOCKET_H 1
| #define HAVE_SYS_EPOLL_H 1
| #define HAVE_SYS_TIME_H 1
| #define HAVE_SYSLOG_H 1
| #define HAVE_UNISTD_H 1
| /* end confdefs.h.  */
| #include <stdio.h>
| #ifdef HAVE_SYS_TYPES_H
| # include <sys/types.h>
| #endif
| #ifdef HAVE_SYS_STAT_H
| # include <sys/stat.h>
| #endif
| #ifdef STDC_HEADERS
| # include <stdlib.h>
| # include <stddef.h>
| #else
| # ifdef HAVE_STDLIB_H
| #  include <stdlib.h>
| # endif
| #endif
| #ifdef HAVE_STRING_H
| # if !defined STDC_HEADERS && defined HAVE_MEMORY_H
| #  include <memory.h>
| # endif
| # include <string.h>
| #endif
| #ifdef HAVE_STRINGS_H
| # include <strings.h>
| #endif
| #ifdef HAVE_INTTYPES_H
| # include <inttypes.h>
| #endif
| #ifdef HAVE_STDINT_H
| # include <stdint.h>
| #endif
| #ifdef HAVE_UNISTD_H
| # include <unistd.h>
| #endif
| #include <google/dense_hash_map>
configure:4819: result: no
configure:4819: checking google/dense_hash_map presence
configure:4819: gcc -E  conftest.c
conftest.c:32:10: fatal error: google/dense_hash_map: No such file or directory
 #include <google/dense_hash_map>
          ^~~~~~~~~~~~~~~~~~~~~~~
compilation terminated.
configure:4819: $? = 1
configure: failed program was:
| /* confdefs.h */
| #define PACKAGE_NAME "CIRRUS"
| #define PACKAGE_TARNAME "cirrus"
| #define PACKAGE_VERSION "0.1"
| #define PACKAGE_STRING "CIRRUS 0.1"
| #define PACKAGE_BUGREPORT "joao@berkeley.edu"
| #define PACKAGE_URL ""
| #define PACKAGE "cirrus"
| #define VERSION "0.1"
| #define STDC_HEADERS 1
| #define HAVE_SYS_TYPES_H 1
| #define HAVE_SYS_STAT_H 1
| #define HAVE_STDLIB_H 1
| #define HAVE_STRING_H 1
| #define HAVE_MEMORY_H 1
| #define HAVE_STRINGS_H 1
| #define HAVE_INTTYPES_H 1
| #define HAVE_STDINT_H 1
| #define HAVE_UNISTD_H 1
| #define HAVE_ARPA_INET_H 1
| #define HAVE_NETDB_H 1
| #define HAVE_STRING_H 1
| #define HAVE_STDINT_H 1
| #define HAVE_STDLIB_H 1
| #define HAVE_SYS_TYPES_H 1
| #define HAVE_SYS_SOCKET_H 1
| #define HAVE_SYS_EPOLL_H 1
| #define HAVE_SYS_TIME_H 1
| #define HAVE_SYSLOG_H 1
| #define HAVE_UNISTD_H 1
| /* end confdefs.h.  */
| #include <google/dense_hash_map>
configure:4819: result: no
configure:4819: checking for google/dense_hash_map
configure:4819: result: no
configure:4831: checking for stdbool.h that conforms to C99
configure:4898: gcc -c -g -O2  conftest.c >&5
configure:4898: $? = 0
configure:4905: result: yes
configure:4907: checking for _Bool
configure:4907: gcc -c -g -O2  conftest.c >&5
configure:4907: $? = 0
configure:4907: gcc -c -g -O2  conftest.c >&5
conftest.c: In function 'main':
conftest.c:68:20: error: expected expression before ')' token
 if (sizeof ((_Bool)))
                    ^
configure:4907: $? = 1
configure: failed program was:
| /* confdefs.h */
| #define PACKAGE_NAME "CIRRUS"
| #define PACKAGE_TARNAME "cirrus"
| #define PACKAGE_VERSION "0.1"
| #define PACKAGE_STRING "CIRRUS 0.1"
| #define PACKAGE_BUGREPORT "joao@berkeley.edu"
| #define PACKAGE_URL ""
| #define PACKAGE "cirrus"
| #define VERSION "0.1"
| #define STDC_HEADERS 1
| #define HAVE_SYS_TYPES_H 1
| #define HAVE_SYS_STAT_H 1
| #define HAVE_STDLIB_H 1
| #define HAVE_STRING_H 1
| #define HAVE_MEMORY_H 1
| #define HAVE_STRINGS_H 1
| #define HAVE_INTTYPES_H 1
| #define HAVE_STDINT_H 1
| #define HAVE_UNISTD_H 1
| #define HAVE_ARPA_INET_H 1
| #define HAVE_NETDB_H 1
| #define HAVE_STRING_H 1
| #define HAVE_STDINT_H 1
| #define HAVE_STDLIB_H 1
| #define HAVE_SYS_TYPES_H 1
| #define HAVE_SYS_SOCKET_H 1
| #define HAVE_SYS_EPOLL_H 1
| #define HAVE_SYS_TIME_H 1
| #define HAVE_SYSLOG_H 1
| #define HAVE_UNISTD_H 1
| /* end confdefs.h.  */
| #include <stdio.h>
| #ifdef HAVE_SYS_TYPES_H
| # include <sys/types.h>
| #endif
| #ifdef HAVE_SYS_STAT_H
| # include <sys/stat.h>
| #endif
| #ifdef STDC_HEADERS
| # include <stdlib.h>
| # include <stddef.h>
| #else
| # ifdef HAVE_STDLIB_H
| #  include <stdlib.h>
| # endif
| #endif
| #ifdef HAVE_STRING_H
| # if !defined STDC_HEADERS && defined HAVE_MEMORY_H
| #  include <memory.h>
| # endif
| # include <string.h>
| #endif
| #ifdef HAVE_STRINGS_H
| # include <strings.h>
| #endif
| #ifdef HAVE_INTTYPES_H
| # include <inttypes.h>
| #endif
| #ifdef HAVE_STDINT_H
| # include <stdint.h>
| #endif
| #ifdef HAVE_UNISTD_H
| # include <unistd.h>
| #endif
| int
| main ()
| {
| if (sizeof ((_Bool)))
| 	    return 0;
|   ;
|   return 0;
| }
configure:4907: result: yes
configure:4918: checking for inline
configure:4934: gcc -c -g -O2  conftest.c >&5
configure:4934: $? = 0
configure:4942: result: inline
configure:4960: checking for size_t
configure:4960: gcc -c -g -O2  conftest.c >&5
configure:4960: $? = 0
configure:4960: gcc -c -g -O2  conftest.c >&5
conftest.c: In function 'main':
conftest.c:69:21: error: expected expression before ')' token
 if (sizeof ((size_t)))
                     ^
configure:4960: $? = 1
configure: failed program was:
| /* confdefs.h */
| #define PACKAGE_NAME "CIRRUS"
| #define PACKAGE_TARNAME "cirrus"
| #define PACKAGE_VERSION "0.1"
| #define PACKAGE_STRING "CIRRUS 0.1"
| #define PACKAGE_BUGREPORT "joao@berkeley.edu"
| #define PACKAGE_URL ""
| #define PACKAGE "cirrus"
| #define VERSION "0.1"
| #define STDC_HEADERS 1
| #define HAVE_SYS_TYPES_H 1
| #define HAVE_SYS_STAT_H 1
| #define HAVE_STDLIB_H 1
| #define HAVE_STRING_H 1
| #define HAVE_MEMORY_H 1
| #define HAVE_STRINGS_H 1
| #define HAVE_INTTYPES_H 1
| #define HAVE_STDINT_H 1
| #define HAVE_UNISTD_H 1
| #define HAVE_ARPA_INET_H 1
| #define HAVE_NETDB_H 1
| #define HAVE_STRING_H 1
| #define HAVE_STDINT_H 1
| #define HAVE_STDLIB_H 1
| #define HAVE_SYS_TYPES_H 1
| #define HAVE_SYS_SOCKET_H 1
| #define HAVE_SYS_EPOLL_H 1
| #define HAVE_SYS_TIME_H 1
| #define HAVE_SYSLOG_H 1
| #define HAVE_UNISTD_H 1
| #define HAVE__BOOL 1
| /* end confdefs.h.  */
| #include <stdio.h>
| #ifdef HAVE_SYS_TYPES_H
| # include <sys/types.h>
| #endif
| #ifdef HAVE_SYS_STAT_H
| # include <sys/stat.h>
| #endif
| #ifdef STDC_HEADERS
| # include <stdlib.h>
| # include <stddef.h>
| #else
| # ifdef HAVE_STDLIB_H
| #  include <stdlib.h>
| # endif
| #endif
| #ifdef HAVE_STRING_H
| # if !defined STDC_HEADERS && defined HAVE_MEMORY_H
| #  include <memory.h>
| # endif
| # include <string.h>
| #endif
| #ifdef HAVE_STRINGS_H
| # include <strings.h>
| #endif
| #ifdef HAVE_INTTYPES_H
| # include <inttypes.h>
| #endif
| #ifdef HAVE_STDINT_H
| # include <stdint.h>
| #endif
| #ifdef HAVE_UNISTD_H
| # include <unistd.h>
| #endif
| int
| main ()
| {
| if (sizeof ((size_t)))
| 	    return 0;
|   ;
|   return 0;
| }
configure:4960: result: yes
configure:4971: checking for uint32_t
configure:4971: gcc -c -g -O2  conftest.c >&5
configure:4971: $? = 0
configure:4971: result: yes
configure:4985: checking for uint64_t
configure:4985: gcc -c -g -O2  conftest.c >&5
configure:4985: $? = 0
configure:4985: result: yes
configure:5003: checking for stdlib.h
configure:5003: result: yes
configure:5013: checking for GNU libc compatible malloc
configure:5037: gcc -o conftest -g -O2   conftest.c  >&5
configure:5037: $? = 0
configure:5037: ./conftest
configure:5037: $? = 0
configure:5047: result: yes
configure:5068: checking for working strcoll
configure:5089: gcc -o conftest -g -O2   conftest.c  >&5
configure:5089: $? = 0
configure:5089: ./conftest
configure:5089: $? = 0
configure:5099: result: yes
configure:5110: checking for gettimeofday
configure:5110: gcc -o conftest -g -O2   conftest.c  >&5
configure:5110: $? = 0
configure:5110: result: yes
configure:5110: checking for localtime_r
configure:5110: gcc -o conftest -g -O2   conftest.c  >&5
configure:5110: $? = 0
configure:5110: result: yes
configure:5110: checking for memchr
configure:5110: gcc -o conftest -g -O2   conftest.c  >&5
conftest.c:61:6: warning: conflicting types for built-in function 'memchr' [-Wbuiltin-declaration-mismatch]
 char memchr ();
      ^~~~~~
configure:5110: $? = 0
configure:5110: result: yes
configure:5110: checking for memmove
configure:5110: gcc -o conftest -g -O2   conftest.c  >&5
conftest.c:62:6: warning: conflicting types for built-in function 'memmove' [-Wbuiltin-declaration-mismatch]
 char memmove ();
      ^~~~~~~
configure:5110: $? = 0
configure:5110: result: yes
configure:5110: checking for memset
configure:5110: gcc -o conftest -g -O2   conftest.c  >&5
conftest.c:63:6: warning: conflicting types for built-in function 'memset' [-Wbuiltin-declaration-mismatch]
 char memset ();
      ^~~~~~
configure:5110: $? = 0
configure:5110: result: yes
configure:5110: checking for mkdir
configure:5110: gcc -o conftest -g -O2   conftest.c  >&5
configure:5110: $? = 0
configure:5110: result: yes
configure:5110: checking for stpcpy
configure:5110: gcc -o conftest -g -O2   conftest.c  >&5
conftest.c:65:6: warning: conflicting types for built-in function 'stpcpy' [-Wbuiltin-declaration-mismatch]
 char stpcpy ();
      ^~~~~~
configure:5110: $? = 0
configure:5110: result: yes
configure:5110: checking for strchr
configure:5110: gcc -o conftest -g -O2   conftest.c  >&5
conftest.c:66:6: warning: conflicting types for built-in function 'strchr' [-Wbuiltin-declaration-mismatch]
 char strchr ();
      ^~~~~~
configure:5110: $? = 0
configure:5110: result: yes
configure:5110: checking for strcspn
configure:5110: gcc -o conftest -g -O2   conftest.c  >&5
conftest.c:67:6: warning: conflicting types for built-in function 'strcspn' [-Wbuiltin-declaration-mismatch]
 char strcspn ();
      ^~~~~~~
configure:5110: $? = 0
configure:5110: result: yes
configure:5110: checking for strdup
configure:5110: gcc -o conftest -g -O2   conftest.c  >&5
conftest.c:68:6: warning: conflicting types for built-in function 'strdup' [-Wbuiltin-declaration-mismatch]
 char strdup ();
      ^~~~~~
configure:5110: $? = 0
configure:5110: result: yes
configure:5110: checking for strerror
configure:5110: gcc -o conftest -g -O2   conftest.c  >&5
configure:5110: $? = 0
configure:5110: result: yes
configure:5110: checking for strpbrk
configure:5110: gcc -o conftest -g -O2   conftest.c  >&5
conftest.c:70:6: warning: conflicting types for built-in function 'strpbrk' [-Wbuiltin-declaration-mismatch]
 char strpbrk ();
      ^~~~~~~
configure:5110: $? = 0
configure:5110: result: yes
configure:5110: checking for strrchr
configure:5110: gcc -o conftest -g -O2   conftest.c  >&5
conftest.c:71:6: warning: conflicting types for built-in function 'strrchr' [-Wbuiltin-declaration-mismatch]
 char strrchr ();
      ^~~~~~~
configure:5110: $? = 0
configure:5110: result: yes
configure:5110: checking for strspn
configure:5110: gcc -o conftest -g -O2   conftest.c  >&5
conftest.c:72:6: warning: conflicting types for built-in function 'strspn' [-Wbuiltin-declaration-mismatch]
 char strspn ();
      ^~~~~~
configure:5110: $? = 0
configure:5110: result: yes
configure:5110: checking for strstr
configure:5110: gcc -o conftest -g -O2   conftest.c  >&5
conftest.c:73:6: warning: conflicting types for built-in function 'strstr' [-Wbuiltin-declaration-mismatch]
 char strstr ();
      ^~~~~~
configure:5110: $? = 0
configure:5110: result: yes
configure:5267: checking that generated files are newer than configure
configure:5273: result: done
configure:5300: creating ./config.status

## ---------------------- ##
## Running config.status. ##
## ---------------------- ##

This file was extended by CIRRUS config.status 0.1, which was
generated by GNU Autoconf 2.69.  Invocation command line was

  CONFIG_FILES    = 
  CONFIG_HEADERS  = 
  CONFIG_LINKS    = 
  CONFIG_COMMANDS = 
  $ ./config.status 

on ip-172-31-2-117.us-west-2.compute.internal

config.status:789: creating Makefile
config.status:789: creating src/Makefile
config.status:961: executing depfiles commands

## ---------------- ##
## Cache variables. ##
## ---------------- ##

ac_cv_c_compiler_gnu=yes
ac_cv_c_inline=inline
ac_cv_c_uint32_t=yes
ac_cv_c_uint64_t=yes
ac_cv_cxx_compiler_gnu=yes
ac_cv_env_CCC_set=
ac_cv_env_CCC_value=
ac_cv_env_CC_set=
ac_cv_env_CC_value=
ac_cv_env_CFLAGS_set=
ac_cv_env_CFLAGS_value=
ac_cv_env_CPPFLAGS_set=
ac_cv_env_CPPFLAGS_value=
ac_cv_env_CPP_set=
ac_cv_env_CPP_value=
ac_cv_env_CXXFLAGS_set=
ac_cv_env_CXXFLAGS_value=
ac_cv_env_CXX_set=
ac_cv_env_CXX_value=
ac_cv_env_LDFLAGS_set=
ac_cv_env_LDFLAGS_value=
ac_cv_env_LIBS_set=
ac_cv_env_LIBS_value=
ac_cv_env_build_alias_set=
ac_cv_env_build_alias_value=
ac_cv_env_host_alias_set=
ac_cv_env_host_alias_value=
ac_cv_env_target_alias_set=
ac_cv_env_target_alias_value=
ac_cv_func_gettimeofday=yes
ac_cv_func_localtime_r=yes
ac_cv_func_malloc_0_nonnull=yes
ac_cv_func_memchr=yes
ac_cv_func_memmove=yes
ac_cv_func_memset=yes
ac_cv_func_mkdir=yes
ac_cv_func_stpcpy=yes
ac_cv_func_strchr=yes
ac_cv_func_strcoll_works=yes
ac_cv_func_strcspn=yes
ac_cv_func_strdup=yes
ac_cv_func_strerror=yes
ac_cv_func_strpbrk=yes
ac_cv_func_strrchr=yes
ac_cv_func_strspn=yes
ac_cv_func_strstr=yes
ac_cv_header_arpa_inet_h=yes
ac_cv_header_google_dense_hash_map=no
ac_cv_header_inttypes_h=yes
ac_cv_header_memory_h=yes
ac_cv_header_netdb_h=yes
ac_cv_header_stdbool_h=yes
ac_cv_header_stdc=yes
ac_cv_header_stdint_h=yes
ac_cv_header_stdlib_h=yes
ac_cv_header_string_h=yes
ac_cv_header_strings_h=yes
ac_cv_header_sys_epoll_h=yes
ac_cv_header_sys_socket_h=yes
ac_cv_header_sys_stat_h=yes
ac_cv_header_sys_time_h=yes
ac_cv_header_sys_types_h=yes
ac_cv_header_syslog_h=yes
ac_cv_header_unistd_h=yes
ac_cv_objext=o
ac_cv_path_EGREP='/usr/bin/grep -E'
ac_cv_path_GREP=/usr/bin/grep
ac_cv_path_install='/usr/bin/install -c'
ac_cv_path_mkdir=/usr/bin/mkdir
ac_cv_prog_AWK=gawk
ac_cv_prog_CPP='gcc -E'
ac_cv_prog_ac_ct_CC=gcc
ac_cv_prog_ac_ct_RANLIB=ranlib
ac_cv_prog_cc_c89=
ac_cv_prog_cc_g=yes
ac_cv_prog_cxx_g=yes
ac_cv_prog_make_make_set=yes
ac_cv_type__Bool=yes
ac_cv_type_size_t=yes
am_cv_CC_dependencies_compiler_type=gcc3
am_cv_CXX_dependencies_compiler_type=gcc3
am_cv_make_support_nested_variables=yes

## ----------------- ##
## Output variables. ##
## ----------------- ##

ACLOCAL='${SHELL} /home/ec2-user/cirrus_ryan/missing aclocal-1.13'
AMDEPBACKSLASH='\'
AMDEP_FALSE='#'
AMDEP_TRUE=''
AMTAR='$${TAR-tar}'
AM_BACKSLASH='\'
AM_DEFAULT_V='$(AM_DEFAULT_VERBOSITY)'
AM_DEFAULT_VERBOSITY='1'
AM_V='$(V)'
AUTOCONF='${SHELL} /home/ec2-user/cirrus_ryan/missing autoconf'
AUTOHEADER='${SHELL} /home/ec2-user/cirrus_ryan/missing autoheader'
AUTOMAKE='${SHELL} /home/ec2-user/cirrus_ryan/missing automake-1.13'
AWK='gawk'
CC='gcc'
CCDEPMODE='depmode=gcc3'
CFLAGS='-g -O2'
CPP='gcc -E'
CPPFLAGS=''
CXX='g++'
CXXDEPMODE='depmode=gcc3'
CXXFLAGS='-O3 -fPIC -std=c++1z -Werror'
CYGPATH_W='echo'
DEFS='-DPACKAGE_NAME=\"CIRRUS\" -DPACKAGE_TARNAME=\"cirrus\" -DPACKAGE_VERSION=\"0.1\" -DPACKAGE_STRING=\"CIRRUS\ 0.1\" -DPACKAGE_BUGREPORT=\"joao@berkeley.edu\" -DPACKAGE_URL=\"\" -DPACKAGE=\"cirrus\" -DVERSION=\"0.1\" -DSTDC_HEADERS=1 -DHAVE_SYS_TYPES_H=1 -DHAVE_SYS_STAT_H=1 -DHAVE_STDLIB_H=1 -DHAVE_STRING_H=1 -DHAVE_MEMORY_H=1 -DHAVE_STRINGS_H=1 -DHAVE_INTTYPES_H=1 -DHAVE_STDINT_H=1 -DHAVE_UNISTD_H=1 -DHAVE_ARPA_INET_H=1 -DHAVE_NETDB_H=1 -DHAVE_STRING_H=1 -DHAVE_STDINT_H=1 -DHAVE_STDLIB_H=1 -DHAVE_SYS_TYPES_H=1 -DHAVE_SYS_SOCKET_H=1 -DHAVE_SYS_EPOLL_H=1 -DHAVE_SYS_TIME_H=1 -DHAVE_SYSLOG_H=1 -DHAVE_UNISTD_H=1 -DHAVE__BOOL=1 -DHAVE_STDLIB_H=1 -DHAVE_MALLOC=1 -DHAVE_STRCOLL=1 -DHAVE_GETTIMEOFDAY=1 -DHAVE_LOCALTIME_R=1 -DHAVE_MEMCHR=1 -DHAVE_MEMMOVE=1 -DHAVE_MEMSET=1 -DHAVE_MKDIR=1 -DHAVE_STPCPY=1 -DHAVE_STRCHR=1 -DHAVE_STRCSPN=1 -DHAVE_STRDUP=1 -DHAVE_STRERROR=1 -DHAVE_STRPBRK=1 -DHAVE_STRRCHR=1 -DHAVE_STRSPN=1 -DHAVE_STRSTR=1'
DEPDIR='.deps'
ECHO_C=''
ECHO_N='-n'
ECHO_T=''
EGREP='/usr/bin/grep -E'
EXEEXT=''
GREP='/usr/bin/grep'
INSTALL_DATA='${INSTALL} -m 644'
INSTALL_PROGRAM='${INSTALL}'
INSTALL_SCRIPT='${INSTALL}'
INSTALL_STRIP_PROGRAM='$(install_sh) -c -s'
LDFLAGS=''
LIBOBJS=''
LIBS=''
LN_S='ln -s'
LTLIBOBJS=''
MAKEINFO='${SHELL} /home/ec2-user/cirrus_ryan/missing makeinfo'
MKDIR_P='/usr/bin/mkdir -p'
OBJEXT='o'
PACKAGE='cirrus'
PACKAGE_BUGREPORT='joao@berkeley.edu'
PACKAGE_NAME='CIRRUS'
PACKAGE_STRING='CIRRUS 0.1'
PACKAGE_TARNAME='cirrus'
PACKAGE_URL=''
PACKAGE_VERSION='0.1'
PATH_SEPARATOR=':'
RANLIB='ranlib'
SET_MAKE=''
SHELL='/bin/sh'
STRIP=''
VERSION='0.1'
ac_ct_CC='gcc'
ac_ct_CXX=''
am__EXEEXT_FALSE=''
am__EXEEXT_TRUE='#'
am__fastdepCC_FALSE='#'
am__fastdepCC_TRUE=''
am__fastdepCXX_FALSE='#'
am__fastdepCXX_TRUE=''
am__include='include'
am__isrc=''
am__leading_dot='.'
am__nodep='_no'
am__quote=''
am__tar='$${TAR-tar} chof - "$$tardir"'
am__untar='$${TAR-tar} xf -'
bindir='${exec_prefix}/bin'
build_alias=''
datadir='${datarootdir}'
datarootdir='${prefix}/share'
docdir='${datarootdir}/doc/${PACKAGE_TARNAME}'
dvidir='${docdir}'
exec_prefix='${prefix}'
host_alias=''
htmldir='${docdir}'
includedir='${prefix}/include'
infodir='${datarootdir}/info'
install_sh='${SHELL} /home/ec2-user/cirrus_ryan/install-sh'
libdir='${exec_prefix}/lib'
libexecdir='${exec_prefix}/libexec'
localedir='${datarootdir}/locale'
localstatedir='${prefix}/var'
mandir='${datarootdir}/man'
mkdir_p='$(MKDIR_P)'
oldincludedir='/usr/include'
pdfdir='${docdir}'
prefix='/usr/local'
program_transform_name='s,x,x,'
psdir='${docdir}'
sbindir='${exec_prefix}/sbin'
sharedstatedir='${prefix}/com'
sysconfdir='${prefix}/etc'
target_alias=''

## ----------- ##
## confdefs.h. ##
## ----------- ##

/* confdefs.h */
#define PACKAGE_NAME "CIRRUS"
#define PACKAGE_TARNAME "cirrus"
#define PACKAGE_VERSION "0.1"
#define PACKAGE_STRING "CIRRUS 0.1"
#define PACKAGE_BUGREPORT "joao@berkeley.edu"
#define PACKAGE_URL ""
#define PACKAGE "cirrus"
#define VERSION "0.1"
#define STDC_HEADERS 1
#define HAVE_SYS_TYPES_H 1
#define HAVE_SYS_STAT_H 1
#define HAVE_STDLIB_H 1
#define HAVE_STRING_H 1
#define HAVE_MEMORY_H 1
#define HAVE_STRINGS_H 1
#define HAVE_INTTYPES_H 1
#define HAVE_STDINT_H 1
#define HAVE_UNISTD_H 1
#define HAVE_ARPA_INET_H 1
#define HAVE_NETDB_H 1
#define HAVE_STRING_H 1
#define HAVE_STDINT_H 1
#define HAVE_STDLIB_H 1
#define HAVE_SYS_TYPES_H 1
#define HAVE_SYS_SOCKET_H 1
#define HAVE_SYS_EPOLL_H 1
#define HAVE_SYS_TIME_H 1
#define HAVE_SYSLOG_H 1
#define HAVE_UNISTD_H 1
#define HAVE__BOOL 1
#define HAVE_STDLIB_H 1
#define HAVE_MALLOC 1
#define HAVE_STRCOLL 1
#define HAVE_GETTIMEOFDAY 1
#define HAVE_LOCALTIME_R 1
#define HAVE_MEMCHR 1
#define HAVE_MEMMOVE 1
#define HAVE_MEMSET 1
#define HAVE_MKDIR 1
#define HAVE_STPCPY 1
#define HAVE_STRCHR 1
#define HAVE_STRCSPN 1
#define HAVE_STRDUP 1
#define HAVE_STRERROR 1
#define HAVE_STRPBRK 1
#define HAVE_STRRCHR 1
#define HAVE_STRSPN 1
#define HAVE_STRSTR 1

configure: exit 0
